<?xml version="1.0" encoding="UTF-8"?>
<coverage generated="1507465226879" clover="3.2.0">
  <project timestamp="1507465226879" name="All files">
    <metrics statements="38" coveredstatements="34" conditionals="2" coveredconditionals="0" methods="5" coveredmethods="1" elements="45" coveredelements="35" complexity="0" loc="38" ncloc="38" packages="4" files="4" classes="4">
      <package name="client.src.js.actions">
        <metrics statements="27" coveredstatements="27" conditionals="0" coveredconditionals="0" methods="0" coveredmethods="0"/>
        <file name="AppActions.js" path="/Users/andeladeveloper/Desktop/post-it-app/client/src/js/actions/AppActions.js">
          <metrics statements="27" coveredstatements="27" conditionals="0" coveredconditionals="0" methods="0" coveredmethods="0"/>
          <line num="5" count="1" type="stmt"/>
          <line num="7" count="1" type="stmt"/>
          <line num="14" count="1" type="stmt"/>
          <line num="21" count="1" type="stmt"/>
          <line num="28" count="1" type="stmt"/>
          <line num="35" count="1" type="stmt"/>
          <line num="42" count="1" type="stmt"/>
          <line num="49" count="1" type="stmt"/>
          <line num="56" count="1" type="stmt"/>
          <line num="63" count="1" type="stmt"/>
          <line num="70" count="1" type="stmt"/>
          <line num="77" count="1" type="stmt"/>
          <line num="84" count="1" type="stmt"/>
          <line num="91" count="1" type="stmt"/>
          <line num="98" count="1" type="stmt"/>
          <line num="105" count="2" type="stmt"/>
          <line num="112" count="1" type="stmt"/>
          <line num="119" count="1" type="stmt"/>
          <line num="126" count="1" type="stmt"/>
          <line num="133" count="1" type="stmt"/>
          <line num="139" count="1" type="stmt"/>
          <line num="146" count="1" type="stmt"/>
          <line num="153" count="1" type="stmt"/>
          <line num="160" count="1" type="stmt"/>
          <line num="167" count="1" type="stmt"/>
          <line num="174" count="1" type="stmt"/>
          <line num="181" count="1" type="stmt"/>
        </file>
      </package>
      <package name="client.src.js.constants">
        <metrics statements="1" coveredstatements="1" conditionals="0" coveredconditionals="0" methods="0" coveredmethods="0"/>
        <file name="AppConstants.js" path="/Users/andeladeveloper/Desktop/post-it-app/client/src/js/constants/AppConstants.js">
          <metrics statements="1" coveredstatements="1" conditionals="0" coveredconditionals="0" methods="0" coveredmethods="0"/>
          <line num="1" count="1" type="stmt"/>
        </file>
      </package>
      <package name="client.src.js.dispatcher">
        <metrics statements="4" coveredstatements="4" conditionals="0" coveredconditionals="0" methods="0" coveredmethods="0"/>
        <file name="AppDispatcher.js" path="/Users/andeladeveloper/Desktop/post-it-app/client/src/js/dispatcher/AppDispatcher.js">
          <metrics statements="4" coveredstatements="4" conditionals="0" coveredconditionals="0" methods="0" coveredmethods="0"/>
          <line num="4" count="1" type="stmt"/>
          <line num="6" count="26" type="stmt"/>
          <line num="10" count="26" type="stmt"/>
          <line num="15" count="1" type="stmt"/>
        </file>
      </package>
      <package name="mock">
        <metrics statements="6" coveredstatements="2" conditionals="2" coveredconditionals="0" methods="5" coveredmethods="1"/>
        <file name="localStorage.js" path="/Users/andeladeveloper/Desktop/post-it-app/mock/localStorage.js">
          <metrics statements="6" coveredstatements="2" conditionals="2" coveredconditionals="0" methods="5" coveredmethods="1"/>
          <line num="13" count="1" type="stmt"/>
          <line num="23" count="0" type="stmt"/>
          <line num="34" count="0" type="cond" truecount="0" falsecount="2"/>
          <line num="46" count="0" type="stmt"/>
          <line num="57" count="0" type="stmt"/>
          <line num="61" count="1" type="stmt"/>
        </file>
      </package>
    </metrics>
  </project>
</coverage>
