{"/Users/andeladeveloper/Desktop/post-it-app/client/src/js/actions/AppActions.js": {"path":"/Users/andeladeveloper/Desktop/post-it-app/client/src/js/actions/AppActions.js","statementMap":{"0":{"start":{"line":5,"column":19},"end":{"line":180,"column":1}},"1":{"start":{"line":7,"column":4},"end":{"line":10,"column":7}},"2":{"start":{"line":14,"column":4},"end":{"line":17,"column":7}},"3":{"start":{"line":21,"column":4},"end":{"line":24,"column":7}},"4":{"start":{"line":28,"column":4},"end":{"line":31,"column":7}},"5":{"start":{"line":35,"column":4},"end":{"line":38,"column":7}},"6":{"start":{"line":42,"column":4},"end":{"line":45,"column":7}},"7":{"start":{"line":49,"column":4},"end":{"line":52,"column":7}},"8":{"start":{"line":56,"column":4},"end":{"line":59,"column":7}},"9":{"start":{"line":63,"column":4},"end":{"line":66,"column":7}},"10":{"start":{"line":70,"column":4},"end":{"line":73,"column":7}},"11":{"start":{"line":77,"column":4},"end":{"line":80,"column":7}},"12":{"start":{"line":84,"column":4},"end":{"line":87,"column":7}},"13":{"start":{"line":91,"column":4},"end":{"line":94,"column":7}},"14":{"start":{"line":98,"column":4},"end":{"line":101,"column":7}},"15":{"start":{"line":105,"column":4},"end":{"line":108,"column":7}},"16":{"start":{"line":112,"column":4},"end":{"line":115,"column":7}},"17":{"start":{"line":119,"column":4},"end":{"line":122,"column":7}},"18":{"start":{"line":126,"column":4},"end":{"line":129,"column":7}},"19":{"start":{"line":133,"column":4},"end":{"line":135,"column":7}},"20":{"start":{"line":139,"column":4},"end":{"line":142,"column":7}},"21":{"start":{"line":146,"column":4},"end":{"line":149,"column":7}},"22":{"start":{"line":153,"column":4},"end":{"line":156,"column":7}},"23":{"start":{"line":160,"column":4},"end":{"line":163,"column":7}},"24":{"start":{"line":167,"column":4},"end":{"line":170,"column":7}},"25":{"start":{"line":174,"column":4},"end":{"line":177,"column":7}},"26":{"start":{"line":181,"column":0},"end":{"line":181,"column":28}}},"fnMap":{},"branchMap":{},"s":{"0":1,"1":1,"2":1,"3":1,"4":1,"5":1,"6":1,"7":1,"8":1,"9":1,"10":1,"11":1,"12":1,"13":1,"14":1,"15":2,"16":1,"17":1,"18":1,"19":1,"20":1,"21":1,"22":1,"23":1,"24":1,"25":1,"26":1},"f":{},"b":{},"_coverageSchema":"332fd63041d2c1bcb487cc26dd0d5f7d97098a6c","hash":"4e38327e37d9ffcfc247b37e0c09bf1dbf229d15"}
,"/Users/andeladeveloper/Desktop/post-it-app/client/src/js/constants/AppConstants.js": {"path":"/Users/andeladeveloper/Desktop/post-it-app/client/src/js/constants/AppConstants.js","statementMap":{"0":{"start":{"line":1,"column":0},"end":{"line":35,"column":2}}},"fnMap":{},"branchMap":{},"s":{"0":1},"f":{},"b":{},"_coverageSchema":"332fd63041d2c1bcb487cc26dd0d5f7d97098a6c","hash":"d5db280b94fdc30db91387132d6cf5fb4c353746"}
,"/Users/andeladeveloper/Desktop/post-it-app/client/src/js/dispatcher/AppDispatcher.js": {"path":"/Users/andeladeveloper/Desktop/post-it-app/client/src/js/dispatcher/AppDispatcher.js","statementMap":{"0":{"start":{"line":4,"column":22},"end":{"line":13,"column":2}},"1":{"start":{"line":6,"column":20},"end":{"line":9,"column":5}},"2":{"start":{"line":10,"column":4},"end":{"line":10,"column":27}},"3":{"start":{"line":15,"column":0},"end":{"line":15,"column":31}}},"fnMap":{},"branchMap":{},"s":{"0":1,"1":26,"2":26,"3":1},"f":{},"b":{},"_coverageSchema":"332fd63041d2c1bcb487cc26dd0d5f7d97098a6c","hash":"16cbf7904952b8905ba498f2e326faee7826a745"}
,"/Users/andeladeveloper/Desktop/post-it-app/mock/localStorage.js": {"path":"/Users/andeladeveloper/Desktop/post-it-app/mock/localStorage.js","statementMap":{"0":{"start":{"line":13,"column":4},"end":{"line":13,"column":20}},"1":{"start":{"line":23,"column":4},"end":{"line":23,"column":20}},"2":{"start":{"line":34,"column":4},"end":{"line":34,"column":35}},"3":{"start":{"line":46,"column":4},"end":{"line":46,"column":28}},"4":{"start":{"line":57,"column":4},"end":{"line":57,"column":27}},"5":{"start":{"line":61,"column":0},"end":{"line":61,"column":45}}},"fnMap":{"0":{"name":"(anonymous_0)","decl":{"start":{"line":11,"column":2},"end":{"line":11,"column":3}},"loc":{"start":{"line":11,"column":16},"end":{"line":14,"column":3}},"line":11},"1":{"name":"(anonymous_1)","decl":{"start":{"line":22,"column":2},"end":{"line":22,"column":3}},"loc":{"start":{"line":22,"column":10},"end":{"line":24,"column":3}},"line":22},"2":{"name":"(anonymous_2)","decl":{"start":{"line":33,"column":2},"end":{"line":33,"column":3}},"loc":{"start":{"line":33,"column":15},"end":{"line":35,"column":3}},"line":33},"3":{"name":"(anonymous_3)","decl":{"start":{"line":45,"column":2},"end":{"line":45,"column":3}},"loc":{"start":{"line":45,"column":22},"end":{"line":47,"column":3}},"line":45},"4":{"name":"(anonymous_4)","decl":{"start":{"line":56,"column":2},"end":{"line":56,"column":3}},"loc":{"start":{"line":56,"column":18},"end":{"line":58,"column":3}},"line":56}},"branchMap":{"0":{"loc":{"start":{"line":34,"column":11},"end":{"line":34,"column":34}},"type":"binary-expr","locations":[{"start":{"line":34,"column":11},"end":{"line":34,"column":26}},{"start":{"line":34,"column":30},"end":{"line":34,"column":34}}],"line":34}},"s":{"0":1,"1":0,"2":0,"3":0,"4":0,"5":1},"f":{"0":1,"1":0,"2":0,"3":0,"4":0},"b":{"0":[0,0]},"_coverageSchema":"332fd63041d2c1bcb487cc26dd0d5f7d97098a6c","hash":"5f7557716ec725c934d5f90132645ee3e292bb6c"}
}
