{"/Users/andeladeveloper/Desktop/post-it-app/client/src/js/actions/AppActions.js": {"path":"/Users/andeladeveloper/Desktop/post-it-app/client/src/js/actions/AppActions.js","statementMap":{"0":{"start":{"line":5,"column":19},"end":{"line":369,"column":1}},"1":{"start":{"line":17,"column":4},"end":{"line":20,"column":7}},"2":{"start":{"line":35,"column":4},"end":{"line":38,"column":7}},"3":{"start":{"line":50,"column":4},"end":{"line":53,"column":7}},"4":{"start":{"line":66,"column":4},"end":{"line":69,"column":7}},"5":{"start":{"line":81,"column":4},"end":{"line":84,"column":7}},"6":{"start":{"line":97,"column":4},"end":{"line":100,"column":7}},"7":{"start":{"line":113,"column":4},"end":{"line":116,"column":7}},"8":{"start":{"line":128,"column":4},"end":{"line":131,"column":7}},"9":{"start":{"line":144,"column":4},"end":{"line":147,"column":7}},"10":{"start":{"line":160,"column":4},"end":{"line":163,"column":7}},"11":{"start":{"line":176,"column":4},"end":{"line":179,"column":7}},"12":{"start":{"line":192,"column":4},"end":{"line":195,"column":7}},"13":{"start":{"line":208,"column":4},"end":{"line":211,"column":7}},"14":{"start":{"line":224,"column":4},"end":{"line":227,"column":7}},"15":{"start":{"line":240,"column":4},"end":{"line":243,"column":7}},"16":{"start":{"line":256,"column":4},"end":{"line":259,"column":7}},"17":{"start":{"line":269,"column":4},"end":{"line":271,"column":7}},"18":{"start":{"line":284,"column":4},"end":{"line":287,"column":7}},"19":{"start":{"line":300,"column":4},"end":{"line":303,"column":7}},"20":{"start":{"line":316,"column":4},"end":{"line":319,"column":7}},"21":{"start":{"line":331,"column":4},"end":{"line":334,"column":7}},"22":{"start":{"line":347,"column":4},"end":{"line":350,"column":7}},"23":{"start":{"line":363,"column":4},"end":{"line":366,"column":7}}},"fnMap":{},"branchMap":{},"s":{"0":1,"1":0,"2":0,"3":0,"4":0,"5":0,"6":0,"7":0,"8":0,"9":0,"10":0,"11":0,"12":0,"13":0,"14":0,"15":0,"16":0,"17":0,"18":0,"19":0,"20":0,"21":0,"22":0,"23":0},"f":{},"b":{},"_coverageSchema":"332fd63041d2c1bcb487cc26dd0d5f7d97098a6c","hash":"929038a0cdfade5eb9172e2b9c9c521ce4b9dd88"}
,"/Users/andeladeveloper/Desktop/post-it-app/client/src/js/components/container/Message.jsx": {"path":"/Users/andeladeveloper/Desktop/post-it-app/client/src/js/components/container/Message.jsx","statementMap":{"0":{"start":{"line":16,"column":4},"end":{"line":16,"column":17}},"1":{"start":{"line":17,"column":4},"end":{"line":20,"column":6}},"2":{"start":{"line":21,"column":4},"end":{"line":21,"column":44}},"3":{"start":{"line":22,"column":4},"end":{"line":22,"column":63}},"4":{"start":{"line":23,"column":4},"end":{"line":23,"column":48}},"5":{"start":{"line":37,"column":4},"end":{"line":37,"column":27}},"6":{"start":{"line":39,"column":17},"end":{"line":42,"column":5}},"7":{"start":{"line":43,"column":4},"end":{"line":43,"column":32}},"8":{"start":{"line":44,"column":4},"end":{"line":44,"column":38}},"9":{"start":{"line":48,"column":4},"end":{"line":48,"column":40}},"10":{"start":{"line":62,"column":4},"end":{"line":62,"column":46}},"11":{"start":{"line":73,"column":4},"end":{"line":73,"column":49}},"12":{"start":{"line":84,"column":4},"end":{"line":84,"column":60}},"13":{"start":{"line":95,"column":4},"end":{"line":122,"column":5}},"14":{"start":{"line":110,"column":18},"end":{"line":110,"column":58}}},"fnMap":{"0":{"name":"(anonymous_0)","decl":{"start":{"line":15,"column":2},"end":{"line":15,"column":3}},"loc":{"start":{"line":15,"column":21},"end":{"line":24,"column":3}},"line":15},"1":{"name":"(anonymous_1)","decl":{"start":{"line":36,"column":2},"end":{"line":36,"column":3}},"loc":{"start":{"line":36,"column":27},"end":{"line":45,"column":3}},"line":36},"2":{"name":"(anonymous_2)","decl":{"start":{"line":47,"column":2},"end":{"line":47,"column":3}},"loc":{"start":{"line":47,"column":15},"end":{"line":50,"column":3}},"line":47},"3":{"name":"(anonymous_3)","decl":{"start":{"line":61,"column":2},"end":{"line":61,"column":3}},"loc":{"start":{"line":61,"column":23},"end":{"line":63,"column":3}},"line":61},"4":{"name":"(anonymous_4)","decl":{"start":{"line":72,"column":2},"end":{"line":72,"column":3}},"loc":{"start":{"line":72,"column":25},"end":{"line":74,"column":3}},"line":72},"5":{"name":"(anonymous_5)","decl":{"start":{"line":83,"column":2},"end":{"line":83,"column":3}},"loc":{"start":{"line":83,"column":13},"end":{"line":85,"column":3}},"line":83},"6":{"name":"(anonymous_6)","decl":{"start":{"line":94,"column":2},"end":{"line":94,"column":3}},"loc":{"start":{"line":94,"column":11},"end":{"line":123,"column":3}},"line":94},"7":{"name":"(anonymous_7)","decl":{"start":{"line":109,"column":56},"end":{"line":109,"column":57}},"loc":{"start":{"line":109,"column":85},"end":{"line":111,"column":17}},"line":109}},"branchMap":{"0":{"loc":{"start":{"line":108,"column":15},"end":{"line":112,"column":49}},"type":"cond-expr","locations":[{"start":{"line":109,"column":16},"end":{"line":111,"column":18}},{"start":{"line":112,"column":16},"end":{"line":112,"column":49}}],"line":108}},"s":{"0":0,"1":0,"2":0,"3":0,"4":0,"5":0,"6":0,"7":0,"8":0,"9":0,"10":0,"11":0,"12":0,"13":0,"14":0},"f":{"0":0,"1":0,"2":0,"3":0,"4":0,"5":0,"6":0,"7":0},"b":{"0":[0,0]},"_coverageSchema":"332fd63041d2c1bcb487cc26dd0d5f7d97098a6c","hash":"a588cdfb21355913d0f044c20e4e0ad1d18fd235"}
,"/Users/andeladeveloper/Desktop/post-it-app/client/src/js/components/container/MessageBoard.jsx": {"path":"/Users/andeladeveloper/Desktop/post-it-app/client/src/js/components/container/MessageBoard.jsx","statementMap":{"0":{"start":{"line":17,"column":8},"end":{"line":17,"column":21}},"1":{"start":{"line":18,"column":8},"end":{"line":22,"column":10}},"2":{"start":{"line":23,"column":8},"end":{"line":23,"column":48}},"3":{"start":{"line":24,"column":8},"end":{"line":24,"column":54}},"4":{"start":{"line":37,"column":8},"end":{"line":37,"column":50}},"5":{"start":{"line":49,"column":8},"end":{"line":49,"column":53}},"6":{"start":{"line":63,"column":8},"end":{"line":63,"column":31}},"7":{"start":{"line":64,"column":25},"end":{"line":64,"column":65}},"8":{"start":{"line":65,"column":24},"end":{"line":72,"column":9}},"9":{"start":{"line":75,"column":12},"end":{"line":75,"column":44}},"10":{"start":{"line":90,"column":8},"end":{"line":94,"column":11}},"11":{"start":{"line":107,"column":8},"end":{"line":141,"column":9}},"12":{"start":{"line":114,"column":36},"end":{"line":117,"column":37}}},"fnMap":{"0":{"name":"(anonymous_0)","decl":{"start":{"line":16,"column":4},"end":{"line":16,"column":5}},"loc":{"start":{"line":16,"column":23},"end":{"line":25,"column":5}},"line":16},"1":{"name":"(anonymous_1)","decl":{"start":{"line":36,"column":4},"end":{"line":36,"column":5}},"loc":{"start":{"line":36,"column":24},"end":{"line":38,"column":5}},"line":36},"2":{"name":"(anonymous_2)","decl":{"start":{"line":48,"column":4},"end":{"line":48,"column":5}},"loc":{"start":{"line":48,"column":27},"end":{"line":50,"column":5}},"line":48},"3":{"name":"(anonymous_3)","decl":{"start":{"line":62,"column":4},"end":{"line":62,"column":5}},"loc":{"start":{"line":62,"column":23},"end":{"line":78,"column":5}},"line":62},"4":{"name":"(anonymous_4)","decl":{"start":{"line":89,"column":4},"end":{"line":89,"column":5}},"loc":{"start":{"line":89,"column":15},"end":{"line":95,"column":5}},"line":89},"5":{"name":"(anonymous_5)","decl":{"start":{"line":106,"column":4},"end":{"line":106,"column":5}},"loc":{"start":{"line":106,"column":13},"end":{"line":142,"column":5}},"line":106},"6":{"name":"(anonymous_6)","decl":{"start":{"line":113,"column":56},"end":{"line":113,"column":57}},"loc":{"start":{"line":113,"column":76},"end":{"line":118,"column":33}},"line":113}},"branchMap":{},"s":{"0":3,"1":3,"2":3,"3":3,"4":2,"5":0,"6":1,"7":1,"8":1,"9":1,"10":0,"11":4,"12":0},"f":{"0":3,"1":2,"2":0,"3":1,"4":0,"5":4,"6":0},"b":{},"_coverageSchema":"332fd63041d2c1bcb487cc26dd0d5f7d97098a6c","hash":"6bf0dc03f1b97a1b20222784c4d771233eec7ec6"}
,"/Users/andeladeveloper/Desktop/post-it-app/client/src/js/components/presentation/MessageList.jsx": {"path":"/Users/andeladeveloper/Desktop/post-it-app/client/src/js/components/presentation/MessageList.jsx","statementMap":{"0":{"start":{"line":14,"column":20},"end":{"line":30,"column":2}},"1":{"start":{"line":14,"column":32},"end":{"line":30,"column":1}},"2":{"start":{"line":16,"column":4},"end":{"line":28,"column":6}}},"fnMap":{"0":{"name":"(anonymous_0)","decl":{"start":{"line":14,"column":20},"end":{"line":14,"column":21}},"loc":{"start":{"line":14,"column":32},"end":{"line":30,"column":1}},"line":14}},"branchMap":{},"s":{"0":1,"1":0,"2":0},"f":{"0":0},"b":{},"_coverageSchema":"332fd63041d2c1bcb487cc26dd0d5f7d97098a6c","hash":"03b668b71c1c54849b8b854d338fa8646d6805c5"}
,"/Users/andeladeveloper/Desktop/post-it-app/client/src/js/components/presentation/ModalButton.jsx": {"path":"/Users/andeladeveloper/Desktop/post-it-app/client/src/js/components/presentation/ModalButton.jsx","statementMap":{"0":{"start":{"line":16,"column":20},"end":{"line":41,"column":2}},"1":{"start":{"line":16,"column":32},"end":{"line":41,"column":1}},"2":{"start":{"line":18,"column":4},"end":{"line":39,"column":6}}},"fnMap":{"0":{"name":"(anonymous_0)","decl":{"start":{"line":16,"column":20},"end":{"line":16,"column":21}},"loc":{"start":{"line":16,"column":32},"end":{"line":41,"column":1}},"line":16}},"branchMap":{},"s":{"0":1,"1":0,"2":0},"f":{"0":0},"b":{},"_coverageSchema":"332fd63041d2c1bcb487cc26dd0d5f7d97098a6c","hash":"56b642627c80bee7414f2eb78bbf95add342eeb6"}
,"/Users/andeladeveloper/Desktop/post-it-app/client/src/js/constants/AppConstants.js": {"path":"/Users/andeladeveloper/Desktop/post-it-app/client/src/js/constants/AppConstants.js","statementMap":{"0":{"start":{"line":1,"column":0},"end":{"line":35,"column":2}}},"fnMap":{},"branchMap":{},"s":{"0":1},"f":{},"b":{},"_coverageSchema":"332fd63041d2c1bcb487cc26dd0d5f7d97098a6c","hash":"d5db280b94fdc30db91387132d6cf5fb4c353746"}
,"/Users/andeladeveloper/Desktop/post-it-app/client/src/js/dispatcher/AppDispatcher.js": {"path":"/Users/andeladeveloper/Desktop/post-it-app/client/src/js/dispatcher/AppDispatcher.js","statementMap":{"0":{"start":{"line":4,"column":22},"end":{"line":13,"column":2}},"1":{"start":{"line":6,"column":20},"end":{"line":9,"column":5}},"2":{"start":{"line":10,"column":4},"end":{"line":10,"column":27}},"3":{"start":{"line":15,"column":0},"end":{"line":15,"column":31}}},"fnMap":{},"branchMap":{},"s":{"0":1,"1":0,"2":0,"3":1},"f":{},"b":{},"_coverageSchema":"332fd63041d2c1bcb487cc26dd0d5f7d97098a6c","hash":"16cbf7904952b8905ba498f2e326faee7826a745"}
,"/Users/andeladeveloper/Desktop/post-it-app/client/src/js/helpers/utils.js": {"path":"/Users/andeladeveloper/Desktop/post-it-app/client/src/js/helpers/utils.js","statementMap":{"0":{"start":{"line":11,"column":29},"end":{"line":14,"column":1}},"1":{"start":{"line":12,"column":18},"end":{"line":12,"column":45}},"2":{"start":{"line":13,"column":2},"end":{"line":13,"column":24}},"3":{"start":{"line":24,"column":29},"end":{"line":27,"column":1}},"4":{"start":{"line":25,"column":27},"end":{"line":25,"column":182}},"5":{"start":{"line":26,"column":2},"end":{"line":26,"column":37}}},"fnMap":{"0":{"name":"(anonymous_0)","decl":{"start":{"line":11,"column":29},"end":{"line":11,"column":30}},"loc":{"start":{"line":11,"column":40},"end":{"line":14,"column":1}},"line":11},"1":{"name":"(anonymous_1)","decl":{"start":{"line":24,"column":29},"end":{"line":24,"column":30}},"loc":{"start":{"line":24,"column":40},"end":{"line":27,"column":1}},"line":24}},"branchMap":{},"s":{"0":1,"1":0,"2":0,"3":1,"4":0,"5":0},"f":{"0":0,"1":0},"b":{},"_coverageSchema":"332fd63041d2c1bcb487cc26dd0d5f7d97098a6c","hash":"e30478c0f46a544d0f242362b638dc90ac9f0b91"}
,"/Users/andeladeveloper/Desktop/post-it-app/client/src/js/stores/AppStore.js": {"path":"/Users/andeladeveloper/Desktop/post-it-app/client/src/js/stores/AppStore.js","statementMap":{"0":{"start":{"line":8,"column":21},"end":{"line":8,"column":29}},"1":{"start":{"line":10,"column":16},"end":{"line":10,"column":18}},"2":{"start":{"line":11,"column":19},"end":{"line":11,"column":24}},"3":{"start":{"line":12,"column":20},"end":{"line":12,"column":22}},"4":{"start":{"line":13,"column":24},"end":{"line":13,"column":26}},"5":{"start":{"line":14,"column":20},"end":{"line":14,"column":22}},"6":{"start":{"line":15,"column":18},"end":{"line":15,"column":20}},"7":{"start":{"line":16,"column":22},"end":{"line":16,"column":24}},"8":{"start":{"line":17,"column":22},"end":{"line":17,"column":24}},"9":{"start":{"line":18,"column":24},"end":{"line":18,"column":26}},"10":{"start":{"line":19,"column":25},"end":{"line":19,"column":27}},"11":{"start":{"line":20,"column":24},"end":{"line":20,"column":26}},"12":{"start":{"line":21,"column":27},"end":{"line":21,"column":29}},"13":{"start":{"line":22,"column":26},"end":{"line":22,"column":28}},"14":{"start":{"line":23,"column":26},"end":{"line":23,"column":28}},"15":{"start":{"line":24,"column":21},"end":{"line":24,"column":23}},"16":{"start":{"line":25,"column":24},"end":{"line":25,"column":28}},"17":{"start":{"line":26,"column":21},"end":{"line":26,"column":23}},"18":{"start":{"line":27,"column":24},"end":{"line":27,"column":26}},"19":{"start":{"line":28,"column":16},"end":{"line":28,"column":18}},"20":{"start":{"line":30,"column":17},"end":{"line":299,"column":2}},"21":{"start":{"line":43,"column":4},"end":{"line":43,"column":24}},"22":{"start":{"line":56,"column":4},"end":{"line":56,"column":24}},"23":{"start":{"line":69,"column":4},"end":{"line":69,"column":25}},"24":{"start":{"line":74,"column":4},"end":{"line":74,"column":24}},"25":{"start":{"line":78,"column":4},"end":{"line":78,"column":27}},"26":{"start":{"line":82,"column":4},"end":{"line":82,"column":21}},"27":{"start":{"line":86,"column":4},"end":{"line":86,"column":21}},"28":{"start":{"line":87,"column":4},"end":{"line":87,"column":40}},"29":{"start":{"line":91,"column":4},"end":{"line":91,"column":21}},"30":{"start":{"line":95,"column":4},"end":{"line":95,"column":25}},"31":{"start":{"line":98,"column":4},"end":{"line":98,"column":32}},"32":{"start":{"line":102,"column":4},"end":{"line":102,"column":29}},"33":{"start":{"line":106,"column":4},"end":{"line":106,"column":31}},"34":{"start":{"line":110,"column":4},"end":{"line":110,"column":33}},"35":{"start":{"line":114,"column":4},"end":{"line":114,"column":30}},"36":{"start":{"line":118,"column":4},"end":{"line":118,"column":34}},"37":{"start":{"line":122,"column":4},"end":{"line":122,"column":21}},"38":{"start":{"line":126,"column":4},"end":{"line":126,"column":23}},"39":{"start":{"line":130,"column":4},"end":{"line":130,"column":29}},"40":{"start":{"line":134,"column":4},"end":{"line":134,"column":46}},"41":{"start":{"line":135,"column":4},"end":{"line":135,"column":35}},"42":{"start":{"line":139,"column":4},"end":{"line":139,"column":23}},"43":{"start":{"line":143,"column":4},"end":{"line":143,"column":25}},"44":{"start":{"line":147,"column":4},"end":{"line":147,"column":29}},"45":{"start":{"line":151,"column":4},"end":{"line":151,"column":30}},"46":{"start":{"line":164,"column":4},"end":{"line":164,"column":27}},"47":{"start":{"line":179,"column":4},"end":{"line":179,"column":28}},"48":{"start":{"line":183,"column":4},"end":{"line":183,"column":27}},"49":{"start":{"line":187,"column":4},"end":{"line":187,"column":29}},"50":{"start":{"line":191,"column":4},"end":{"line":191,"column":29}},"51":{"start":{"line":195,"column":4},"end":{"line":195,"column":32}},"52":{"start":{"line":199,"column":4},"end":{"line":199,"column":25}},"53":{"start":{"line":203,"column":4},"end":{"line":203,"column":32}},"54":{"start":{"line":207,"column":4},"end":{"line":207,"column":29}},"55":{"start":{"line":211,"column":4},"end":{"line":211,"column":29}},"56":{"start":{"line":215,"column":4},"end":{"line":215,"column":31}},"57":{"start":{"line":219,"column":4},"end":{"line":219,"column":32}},"58":{"start":{"line":223,"column":4},"end":{"line":223,"column":39}},"59":{"start":{"line":227,"column":4},"end":{"line":227,"column":35}},"60":{"start":{"line":231,"column":18},"end":{"line":231,"column":73}},"61":{"start":{"line":231,"column":54},"end":{"line":231,"column":72}},"62":{"start":{"line":232,"column":4},"end":{"line":232,"column":42}},"63":{"start":{"line":236,"column":4},"end":{"line":236,"column":31}},"64":{"start":{"line":240,"column":4},"end":{"line":240,"column":38}},"65":{"start":{"line":244,"column":4},"end":{"line":244,"column":34}},"66":{"start":{"line":248,"column":4},"end":{"line":248,"column":26}},"67":{"start":{"line":252,"column":4},"end":{"line":252,"column":27}},"68":{"start":{"line":265,"column":4},"end":{"line":265,"column":28}},"69":{"start":{"line":281,"column":4},"end":{"line":281,"column":32}},"70":{"start":{"line":296,"column":4},"end":{"line":296,"column":44}},"71":{"start":{"line":301,"column":0},"end":{"line":427,"column":3}},"72":{"start":{"line":302,"column":17},"end":{"line":302,"column":31}},"73":{"start":{"line":304,"column":2},"end":{"line":424,"column":3}},"74":{"start":{"line":306,"column":6},"end":{"line":306,"column":43}},"75":{"start":{"line":307,"column":6},"end":{"line":307,"column":41}},"76":{"start":{"line":308,"column":6},"end":{"line":308,"column":34}},"77":{"start":{"line":309,"column":6},"end":{"line":309,"column":12}},"78":{"start":{"line":312,"column":6},"end":{"line":312,"column":49}},"79":{"start":{"line":313,"column":6},"end":{"line":313,"column":34}},"80":{"start":{"line":314,"column":6},"end":{"line":314,"column":12}},"81":{"start":{"line":317,"column":6},"end":{"line":317,"column":40}},"82":{"start":{"line":318,"column":6},"end":{"line":318,"column":34}},"83":{"start":{"line":319,"column":6},"end":{"line":319,"column":12}},"84":{"start":{"line":322,"column":6},"end":{"line":322,"column":48}},"85":{"start":{"line":323,"column":6},"end":{"line":323,"column":34}},"86":{"start":{"line":324,"column":6},"end":{"line":324,"column":12}},"87":{"start":{"line":328,"column":6},"end":{"line":328,"column":37}},"88":{"start":{"line":329,"column":6},"end":{"line":329,"column":34}},"89":{"start":{"line":330,"column":6},"end":{"line":330,"column":12}},"90":{"start":{"line":333,"column":6},"end":{"line":333,"column":40}},"91":{"start":{"line":334,"column":6},"end":{"line":334,"column":34}},"92":{"start":{"line":335,"column":6},"end":{"line":335,"column":12}},"93":{"start":{"line":338,"column":6},"end":{"line":338,"column":40}},"94":{"start":{"line":339,"column":6},"end":{"line":339,"column":34}},"95":{"start":{"line":340,"column":6},"end":{"line":340,"column":12}},"96":{"start":{"line":343,"column":6},"end":{"line":343,"column":52}},"97":{"start":{"line":344,"column":6},"end":{"line":344,"column":34}},"98":{"start":{"line":345,"column":6},"end":{"line":345,"column":12}},"99":{"start":{"line":348,"column":6},"end":{"line":348,"column":44}},"100":{"start":{"line":349,"column":6},"end":{"line":349,"column":34}},"101":{"start":{"line":350,"column":6},"end":{"line":350,"column":12}},"102":{"start":{"line":353,"column":6},"end":{"line":353,"column":44}},"103":{"start":{"line":354,"column":6},"end":{"line":354,"column":42}},"104":{"start":{"line":355,"column":6},"end":{"line":355,"column":34}},"105":{"start":{"line":356,"column":6},"end":{"line":356,"column":12}},"106":{"start":{"line":359,"column":6},"end":{"line":359,"column":43}},"107":{"start":{"line":360,"column":6},"end":{"line":360,"column":34}},"108":{"start":{"line":361,"column":6},"end":{"line":361,"column":12}},"109":{"start":{"line":364,"column":6},"end":{"line":364,"column":38}},"110":{"start":{"line":365,"column":6},"end":{"line":365,"column":34}},"111":{"start":{"line":366,"column":6},"end":{"line":366,"column":12}},"112":{"start":{"line":369,"column":6},"end":{"line":369,"column":42}},"113":{"start":{"line":370,"column":6},"end":{"line":370,"column":34}},"114":{"start":{"line":371,"column":6},"end":{"line":371,"column":12}},"115":{"start":{"line":374,"column":6},"end":{"line":374,"column":35}},"116":{"start":{"line":375,"column":6},"end":{"line":375,"column":34}},"117":{"start":{"line":376,"column":6},"end":{"line":376,"column":12}},"118":{"start":{"line":379,"column":6},"end":{"line":379,"column":37}},"119":{"start":{"line":380,"column":6},"end":{"line":380,"column":39}},"120":{"start":{"line":381,"column":6},"end":{"line":381,"column":34}},"121":{"start":{"line":382,"column":6},"end":{"line":382,"column":12}},"122":{"start":{"line":385,"column":6},"end":{"line":385,"column":27}},"123":{"start":{"line":386,"column":6},"end":{"line":386,"column":24}},"124":{"start":{"line":387,"column":6},"end":{"line":387,"column":27}},"125":{"start":{"line":388,"column":6},"end":{"line":388,"column":25}},"126":{"start":{"line":389,"column":6},"end":{"line":389,"column":34}},"127":{"start":{"line":390,"column":6},"end":{"line":390,"column":12}},"128":{"start":{"line":393,"column":6},"end":{"line":393,"column":50}},"129":{"start":{"line":394,"column":6},"end":{"line":394,"column":34}},"130":{"start":{"line":395,"column":6},"end":{"line":395,"column":12}},"131":{"start":{"line":398,"column":6},"end":{"line":398,"column":45}},"132":{"start":{"line":399,"column":6},"end":{"line":399,"column":34}},"133":{"start":{"line":400,"column":6},"end":{"line":400,"column":12}},"134":{"start":{"line":403,"column":6},"end":{"line":403,"column":55}},"135":{"start":{"line":404,"column":6},"end":{"line":404,"column":52}},"136":{"start":{"line":405,"column":6},"end":{"line":405,"column":34}},"137":{"start":{"line":406,"column":6},"end":{"line":406,"column":12}},"138":{"start":{"line":409,"column":6},"end":{"line":409,"column":43}},"139":{"start":{"line":410,"column":6},"end":{"line":410,"column":34}},"140":{"start":{"line":411,"column":6},"end":{"line":411,"column":12}},"141":{"start":{"line":413,"column":6},"end":{"line":413,"column":41}},"142":{"start":{"line":414,"column":6},"end":{"line":414,"column":34}},"143":{"start":{"line":415,"column":6},"end":{"line":415,"column":12}},"144":{"start":{"line":418,"column":6},"end":{"line":418,"column":47}},"145":{"start":{"line":419,"column":6},"end":{"line":419,"column":34}},"146":{"start":{"line":420,"column":6},"end":{"line":420,"column":12}},"147":{"start":{"line":426,"column":2},"end":{"line":426,"column":14}},"148":{"start":{"line":429,"column":0},"end":{"line":429,"column":26}}},"fnMap":{"0":{"name":"(anonymous_0)","decl":{"start":{"line":231,"column":49},"end":{"line":231,"column":50}},"loc":{"start":{"line":231,"column":54},"end":{"line":231,"column":72}},"line":231},"1":{"name":"(anonymous_1)","decl":{"start":{"line":301,"column":23},"end":{"line":301,"column":24}},"loc":{"start":{"line":301,"column":36},"end":{"line":427,"column":1}},"line":301}},"branchMap":{"0":{"loc":{"start":{"line":304,"column":2},"end":{"line":424,"column":3}},"type":"switch","locations":[{"start":{"line":305,"column":4},"end":{"line":309,"column":12}},{"start":{"line":311,"column":4},"end":{"line":314,"column":12}},{"start":{"line":316,"column":4},"end":{"line":319,"column":12}},{"start":{"line":321,"column":4},"end":{"line":324,"column":12}},{"start":{"line":327,"column":4},"end":{"line":330,"column":12}},{"start":{"line":332,"column":4},"end":{"line":335,"column":12}},{"start":{"line":337,"column":4},"end":{"line":340,"column":12}},{"start":{"line":342,"column":4},"end":{"line":345,"column":12}},{"start":{"line":347,"column":4},"end":{"line":350,"column":12}},{"start":{"line":352,"column":4},"end":{"line":356,"column":12}},{"start":{"line":358,"column":4},"end":{"line":361,"column":12}},{"start":{"line":363,"column":4},"end":{"line":366,"column":12}},{"start":{"line":368,"column":4},"end":{"line":371,"column":12}},{"start":{"line":373,"column":4},"end":{"line":376,"column":12}},{"start":{"line":378,"column":4},"end":{"line":382,"column":12}},{"start":{"line":384,"column":4},"end":{"line":390,"column":12}},{"start":{"line":392,"column":4},"end":{"line":395,"column":12}},{"start":{"line":397,"column":4},"end":{"line":400,"column":12}},{"start":{"line":402,"column":4},"end":{"line":406,"column":12}},{"start":{"line":408,"column":4},"end":{"line":411,"column":12}},{"start":{"line":412,"column":4},"end":{"line":415,"column":12}},{"start":{"line":417,"column":4},"end":{"line":420,"column":12}},{"start":{"line":422,"column":4},"end":{"line":422,"column":12}}],"line":304}},"s":{"0":1,"1":1,"2":1,"3":1,"4":1,"5":1,"6":1,"7":1,"8":1,"9":1,"10":1,"11":1,"12":1,"13":1,"14":1,"15":1,"16":1,"17":1,"18":1,"19":1,"20":1,"21":0,"22":0,"23":0,"24":0,"25":0,"26":0,"27":0,"28":0,"29":0,"30":0,"31":0,"32":0,"33":0,"34":0,"35":0,"36":0,"37":0,"38":0,"39":0,"40":0,"41":0,"42":0,"43":0,"44":0,"45":0,"46":0,"47":0,"48":0,"49":0,"50":0,"51":0,"52":0,"53":0,"54":0,"55":0,"56":0,"57":0,"58":0,"59":0,"60":0,"61":0,"62":0,"63":0,"64":0,"65":0,"66":0,"67":0,"68":0,"69":2,"70":0,"71":1,"72":0,"73":0,"74":0,"75":0,"76":0,"77":0,"78":0,"79":0,"80":0,"81":0,"82":0,"83":0,"84":0,"85":0,"86":0,"87":0,"88":0,"89":0,"90":0,"91":0,"92":0,"93":0,"94":0,"95":0,"96":0,"97":0,"98":0,"99":0,"100":0,"101":0,"102":0,"103":0,"104":0,"105":0,"106":0,"107":0,"108":0,"109":0,"110":0,"111":0,"112":0,"113":0,"114":0,"115":0,"116":0,"117":0,"118":0,"119":0,"120":0,"121":0,"122":0,"123":0,"124":0,"125":0,"126":0,"127":0,"128":0,"129":0,"130":0,"131":0,"132":0,"133":0,"134":0,"135":0,"136":0,"137":0,"138":0,"139":0,"140":0,"141":0,"142":0,"143":0,"144":0,"145":0,"146":0,"147":0,"148":1},"f":{"0":0,"1":0},"b":{"0":[0,0,0,0,0,0,0,0,0,0,0,0,0,0,0,0,0,0,0,0,0,0,0]},"_coverageSchema":"332fd63041d2c1bcb487cc26dd0d5f7d97098a6c","hash":"5ce77035aeff8390e47745a06bedf85ea0950fdc"}
,"/Users/andeladeveloper/Desktop/post-it-app/client/src/js/utils/AppAPI.js": {"path":"/Users/andeladeveloper/Desktop/post-it-app/client/src/js/utils/AppAPI.js","statementMap":{"0":{"start":{"line":8,"column":15},"end":{"line":284,"column":1}},"1":{"start":{"line":18,"column":4},"end":{"line":28,"column":26}},"2":{"start":{"line":24,"column":19},"end":{"line":24,"column":41}},"3":{"start":{"line":25,"column":6},"end":{"line":25,"column":36}},"4":{"start":{"line":26,"column":6},"end":{"line":26,"column":64}},"5":{"start":{"line":41,"column":4},"end":{"line":47,"column":26}},"6":{"start":{"line":45,"column":6},"end":{"line":45,"column":44}},"7":{"start":{"line":59,"column":4},"end":{"line":64,"column":26}},"8":{"start":{"line":61,"column":21},"end":{"line":61,"column":34}},"9":{"start":{"line":62,"column":6},"end":{"line":62,"column":39}},"10":{"start":{"line":76,"column":4},"end":{"line":80,"column":7}},"11":{"start":{"line":78,"column":27},"end":{"line":78,"column":40}},"12":{"start":{"line":79,"column":6},"end":{"line":79,"column":51}},"13":{"start":{"line":92,"column":4},"end":{"line":99,"column":26}},"14":{"start":{"line":97,"column":6},"end":{"line":97,"column":44}},"15":{"start":{"line":111,"column":4},"end":{"line":121,"column":26}},"16":{"start":{"line":119,"column":6},"end":{"line":119,"column":44}},"17":{"start":{"line":134,"column":22},"end":{"line":134,"column":36}},"18":{"start":{"line":135,"column":22},"end":{"line":135,"column":36}},"19":{"start":{"line":136,"column":4},"end":{"line":140,"column":26}},"20":{"start":{"line":138,"column":6},"end":{"line":138,"column":49}},"21":{"start":{"line":152,"column":4},"end":{"line":162,"column":26}},"22":{"start":{"line":157,"column":19},"end":{"line":157,"column":41}},"23":{"start":{"line":158,"column":6},"end":{"line":158,"column":36}},"24":{"start":{"line":160,"column":6},"end":{"line":160,"column":42}},"25":{"start":{"line":171,"column":4},"end":{"line":173,"column":28}},"26":{"start":{"line":172,"column":6},"end":{"line":172,"column":44}},"27":{"start":{"line":186,"column":22},"end":{"line":186,"column":37}},"28":{"start":{"line":187,"column":17},"end":{"line":187,"column":31}},"29":{"start":{"line":188,"column":4},"end":{"line":195,"column":28}},"30":{"start":{"line":190,"column":25},"end":{"line":190,"column":47}},"31":{"start":{"line":191,"column":22},"end":{"line":191,"column":41}},"32":{"start":{"line":192,"column":8},"end":{"line":192,"column":45}},"33":{"start":{"line":193,"column":8},"end":{"line":193,"column":38}},"34":{"start":{"line":207,"column":21},"end":{"line":207,"column":57}},"35":{"start":{"line":208,"column":18},"end":{"line":208,"column":34}},"36":{"start":{"line":209,"column":19},"end":{"line":209,"column":36}},"37":{"start":{"line":210,"column":16},"end":{"line":210,"column":30}},"38":{"start":{"line":212,"column":4},"end":{"line":223,"column":26}},"39":{"start":{"line":219,"column":19},"end":{"line":219,"column":32}},"40":{"start":{"line":220,"column":6},"end":{"line":220,"column":36}},"41":{"start":{"line":221,"column":6},"end":{"line":221,"column":42}},"42":{"start":{"line":235,"column":4},"end":{"line":239,"column":26}},"43":{"start":{"line":237,"column":6},"end":{"line":237,"column":44}},"44":{"start":{"line":249,"column":4},"end":{"line":253,"column":2}},"45":{"start":{"line":251,"column":8},"end":{"line":251,"column":49}},"46":{"start":{"line":263,"column":4},"end":{"line":267,"column":30}},"47":{"start":{"line":265,"column":10},"end":{"line":265,"column":50}},"48":{"start":{"line":277,"column":4},"end":{"line":281,"column":30}},"49":{"start":{"line":279,"column":10},"end":{"line":279,"column":50}}},"fnMap":{"0":{"name":"(anonymous_0)","decl":{"start":{"line":23,"column":12},"end":{"line":23,"column":13}},"loc":{"start":{"line":23,"column":26},"end":{"line":27,"column":5}},"line":23},"1":{"name":"(anonymous_1)","decl":{"start":{"line":44,"column":12},"end":{"line":44,"column":13}},"loc":{"start":{"line":44,"column":26},"end":{"line":46,"column":5}},"line":44},"2":{"name":"(anonymous_2)","decl":{"start":{"line":60,"column":10},"end":{"line":60,"column":11}},"loc":{"start":{"line":60,"column":24},"end":{"line":63,"column":5}},"line":60},"3":{"name":"(anonymous_3)","decl":{"start":{"line":77,"column":10},"end":{"line":77,"column":11}},"loc":{"start":{"line":77,"column":24},"end":{"line":80,"column":5}},"line":77},"4":{"name":"(anonymous_4)","decl":{"start":{"line":96,"column":10},"end":{"line":96,"column":11}},"loc":{"start":{"line":96,"column":24},"end":{"line":98,"column":5}},"line":96},"5":{"name":"(anonymous_5)","decl":{"start":{"line":118,"column":10},"end":{"line":118,"column":11}},"loc":{"start":{"line":118,"column":24},"end":{"line":120,"column":5}},"line":118},"6":{"name":"(anonymous_6)","decl":{"start":{"line":137,"column":10},"end":{"line":137,"column":11}},"loc":{"start":{"line":137,"column":24},"end":{"line":139,"column":5}},"line":137},"7":{"name":"(anonymous_7)","decl":{"start":{"line":156,"column":10},"end":{"line":156,"column":11}},"loc":{"start":{"line":156,"column":24},"end":{"line":161,"column":5}},"line":156},"8":{"name":"(anonymous_8)","decl":{"start":{"line":171,"column":44},"end":{"line":171,"column":45}},"loc":{"start":{"line":171,"column":58},"end":{"line":173,"column":5}},"line":171},"9":{"name":"(anonymous_9)","decl":{"start":{"line":189,"column":12},"end":{"line":189,"column":13}},"loc":{"start":{"line":189,"column":26},"end":{"line":194,"column":7}},"line":189},"10":{"name":"(anonymous_10)","decl":{"start":{"line":218,"column":10},"end":{"line":218,"column":11}},"loc":{"start":{"line":218,"column":24},"end":{"line":222,"column":5}},"line":218},"11":{"name":"(anonymous_11)","decl":{"start":{"line":236,"column":12},"end":{"line":236,"column":13}},"loc":{"start":{"line":236,"column":26},"end":{"line":238,"column":5}},"line":236},"12":{"name":"(anonymous_12)","decl":{"start":{"line":250,"column":12},"end":{"line":250,"column":13}},"loc":{"start":{"line":250,"column":26},"end":{"line":252,"column":7}},"line":250},"13":{"name":"(anonymous_13)","decl":{"start":{"line":264,"column":14},"end":{"line":264,"column":15}},"loc":{"start":{"line":264,"column":28},"end":{"line":266,"column":9}},"line":264},"14":{"name":"(anonymous_14)","decl":{"start":{"line":278,"column":14},"end":{"line":278,"column":15}},"loc":{"start":{"line":278,"column":28},"end":{"line":280,"column":9}},"line":278}},"branchMap":{},"s":{"0":1,"1":0,"2":0,"3":0,"4":0,"5":0,"6":0,"7":0,"8":0,"9":0,"10":0,"11":0,"12":0,"13":0,"14":0,"15":0,"16":0,"17":0,"18":0,"19":0,"20":0,"21":0,"22":0,"23":0,"24":0,"25":0,"26":0,"27":0,"28":0,"29":0,"30":0,"31":0,"32":0,"33":0,"34":0,"35":0,"36":0,"37":0,"38":0,"39":0,"40":0,"41":0,"42":0,"43":0,"44":0,"45":0,"46":0,"47":0,"48":0,"49":0},"f":{"0":0,"1":0,"2":0,"3":0,"4":0,"5":0,"6":0,"7":0,"8":0,"9":0,"10":0,"11":0,"12":0,"13":0,"14":0},"b":{},"_coverageSchema":"332fd63041d2c1bcb487cc26dd0d5f7d97098a6c","hash":"f643d4a08373f25b00e4cede16338da328af4355"}
}
