TN:
SF:/Users/andeladeveloper/Desktop/post-it-app/server/app.js
FN:17,(anonymous_0)
FNF:1
FNH:1
FNDA:2,(anonymous_0)
DA:1,1
DA:2,1
DA:3,1
DA:4,1
DA:5,1
DA:8,1
DA:10,1
DA:12,1
DA:13,1
DA:14,1
DA:15,1
DA:17,1
DA:18,2
DA:21,1
DA:23,1
LF:15
LH:15
BRDA:8,0,0,1
BRDA:8,0,1,1
BRF:2
BRH:2
end_of_record
TN:
SF:/Users/andeladeveloper/Desktop/post-it-app/server/config.js
FNF:0
FNH:0
DA:1,1
DA:3,1
DA:19,1
DA:21,1
DA:23,1
DA:24,1
DA:25,1
DA:27,1
DA:28,1
LF:9
LH:9
BRF:0
BRH:0
end_of_record
TN:
SF:/Users/andeladeveloper/Desktop/post-it-app/server/routes.js
FNF:0
FNH:0
DA:1,1
DA:2,1
DA:3,1
DA:4,1
DA:6,1
DA:7,1
DA:8,1
DA:9,1
DA:10,1
DA:11,1
DA:12,1
DA:13,1
DA:14,1
DA:15,1
DA:16,1
DA:17,1
DA:18,1
DA:19,1
DA:20,1
DA:21,1
DA:23,1
LF:21
LH:21
BRF:0
BRH:0
end_of_record
TN:
SF:/Users/andeladeveloper/Desktop/post-it-app/server/controllers/Group.js
FN:25,(anonymous_7)
FN:36,(anonymous_8)
FN:38,(anonymous_9)
FN:44,(anonymous_10)
FN:69,(anonymous_12)
FN:78,(anonymous_13)
FN:88,(anonymous_14)
FN:95,(anonymous_15)
FN:116,(anonymous_17)
FN:117,(anonymous_18)
FN:145,(anonymous_20)
FN:147,(anonymous_21)
FN:161,(anonymous_22)
FN:163,(anonymous_23)
FN:182,(anonymous_24)
FN:184,(anonymous_25)
FN:187,(anonymous_26)
FNF:17
FNH:8
FNDA:2,(anonymous_7)
FNDA:0,(anonymous_8)
FNDA:0,(anonymous_9)
FNDA:0,(anonymous_10)
FNDA:3,(anonymous_12)
FNDA:2,(anonymous_13)
FNDA:2,(anonymous_14)
FNDA:0,(anonymous_15)
FNDA:1,(anonymous_17)
FNDA:0,(anonymous_18)
FNDA:2,(anonymous_20)
FNDA:0,(anonymous_21)
FNDA:2,(anonymous_22)
FNDA:0,(anonymous_23)
FNDA:2,(anonymous_24)
FNDA:0,(anonymous_25)
FNDA:0,(anonymous_26)
DA:16,8
DA:17,4
DA:18,4
DA:20,2
DA:24,2
DA:25,2
DA:26,2
DA:27,0
DA:29,0
DA:30,0
DA:31,0
DA:33,0
DA:37,0
DA:39,0
DA:42,2
DA:45,0
DA:60,10
DA:61,5
DA:62,5
DA:64,2
DA:68,3
DA:69,3
DA:70,3
DA:71,2
DA:72,2
DA:73,2
DA:74,2
DA:78,2
DA:79,2
DA:80,1
DA:82,1
DA:83,1
DA:85,1
DA:89,2
DA:92,1
DA:96,0
DA:110,1
DA:111,1
DA:112,1
DA:113,1
DA:117,1
DA:118,0
DA:121,0
DA:123,1
DA:136,2
DA:137,2
DA:138,2
DA:139,2
DA:140,2
DA:145,2
DA:146,2
DA:147,2
DA:148,0
DA:155,0
DA:158,2
DA:161,2
DA:162,2
DA:163,2
DA:164,0
DA:167,0
DA:170,2
DA:177,2
DA:182,2
DA:183,2
DA:184,2
DA:185,0
DA:187,2
DA:188,0
DA:189,0
DA:198,1
LF:70
LH:52
BRDA:18,0,0,2
BRDA:18,0,1,2
BRDA:18,1,0,4
BRDA:18,1,1,2
BRDA:26,2,0,0
BRDA:26,2,1,2
BRDA:62,3,0,2
BRDA:62,3,1,3
BRDA:62,4,0,5
BRDA:62,4,1,3
BRDA:70,5,0,2
BRDA:70,5,1,1
BRDA:79,6,0,1
BRDA:79,6,1,1
BRF:14
BRH:13
end_of_record
TN:
SF:/Users/andeladeveloper/Desktop/post-it-app/server/controllers/Message.js
FN:39,(anonymous_7)
FN:42,(anonymous_8)
FN:52,(anonymous_9)
FN:53,(anonymous_10)
FN:56,(anonymous_11)
FN:72,(anonymous_12)
FN:73,(anonymous_13)
FN:93,(anonymous_14)
FN:109,(anonymous_15)
FN:110,(anonymous_16)
FN:118,(anonymous_17)
FN:121,(anonymous_18)
FN:147,(anonymous_20)
FNF:13
FNH:8
FNDA:1,(anonymous_7)
FNDA:0,(anonymous_8)
FNDA:1,(anonymous_9)
FNDA:2,(anonymous_10)
FNDA:2,(anonymous_11)
FNDA:1,(anonymous_12)
FNDA:1,(anonymous_13)
FNDA:0,(anonymous_14)
FNDA:1,(anonymous_15)
FNDA:1,(anonymous_16)
FNDA:0,(anonymous_17)
FNDA:0,(anonymous_18)
FNDA:0,(anonymous_20)
DA:2,1
DA:3,1
DA:4,1
DA:5,1
DA:21,15
DA:22,3
DA:23,3
DA:24,1
DA:27,2
DA:28,1
DA:32,1
DA:40,1
DA:43,0
DA:46,1
DA:47,1
DA:52,1
DA:53,1
DA:54,2
DA:56,1
DA:57,2
DA:58,1
DA:60,1
DA:61,1
DA:66,1
DA:67,1
DA:72,1
DA:73,1
DA:74,1
DA:76,1
DA:78,1
DA:79,0
DA:86,0
DA:93,0
DA:94,0
DA:95,0
DA:97,0
DA:103,1
DA:104,1
DA:109,1
DA:110,1
DA:111,1
DA:113,1
DA:114,0
DA:118,0
DA:119,0
DA:122,0
DA:123,0
DA:125,0
DA:142,0
DA:143,0
DA:144,0
DA:148,0
DA:155,1
LF:53
LH:36
BRDA:23,0,0,1
BRDA:23,0,1,2
BRDA:27,1,0,1
BRDA:27,1,1,1
BRDA:57,2,0,1
BRDA:57,2,1,1
BRDA:78,3,0,0
BRDA:78,3,1,1
BRDA:78,4,0,1
BRDA:78,4,1,1
BRDA:94,5,0,0
BRDA:94,5,1,0
BRDA:113,6,0,0
BRDA:113,6,1,1
BRDA:122,7,0,0
BRDA:122,7,1,0
BRF:16
BRH:10
end_of_record
TN:
SF:/Users/andeladeveloper/Desktop/post-it-app/server/controllers/User.js
FN:30,(anonymous_7)
FN:35,(anonymous_8)
FN:46,(anonymous_9)
FN:69,(anonymous_11)
FN:83,(anonymous_12)
FN:89,(anonymous_13)
FN:90,(anonymous_14)
FN:104,(anonymous_15)
FN:129,(anonymous_17)
FN:135,(anonymous_18)
FN:141,(anonymous_19)
FN:142,(anonymous_20)
FN:156,(anonymous_21)
FN:177,(anonymous_23)
FN:181,(anonymous_24)
FN:196,(anonymous_26)
FN:199,(anonymous_27)
FN:201,(anonymous_28)
FN:225,(anonymous_30)
FN:227,(anonymous_31)
FN:243,(anonymous_33)
FN:245,(anonymous_34)
FN:260,(anonymous_36)
FN:262,(anonymous_37)
FN:279,(anonymous_39)
FN:283,(anonymous_40)
FNF:26
FNH:15
FNDA:0,(anonymous_7)
FNDA:0,(anonymous_8)
FNDA:4,(anonymous_9)
FNDA:0,(anonymous_11)
FNDA:0,(anonymous_12)
FNDA:0,(anonymous_13)
FNDA:0,(anonymous_14)
FNDA:0,(anonymous_15)
FNDA:1,(anonymous_17)
FNDA:1,(anonymous_18)
FNDA:1,(anonymous_19)
FNDA:43,(anonymous_20)
FNDA:3,(anonymous_21)
FNDA:1,(anonymous_23)
FNDA:0,(anonymous_24)
FNDA:0,(anonymous_26)
FNDA:0,(anonymous_27)
FNDA:0,(anonymous_28)
FNDA:1,(anonymous_30)
FNDA:23,(anonymous_31)
FNDA:1,(anonymous_33)
FNDA:23,(anonymous_34)
FNDA:1,(anonymous_36)
FNDA:23,(anonymous_37)
FNDA:1,(anonymous_39)
FNDA:2,(anonymous_40)
DA:15,32
DA:16,8
DA:18,8
DA:20,4
DA:23,4
DA:25,0
DA:29,4
DA:31,0
DA:32,0
DA:35,0
DA:36,0
DA:43,0
DA:47,4
DA:48,4
DA:49,1
DA:50,3
DA:51,1
DA:52,2
DA:53,2
DA:67,0
DA:68,0
DA:69,0
DA:70,0
DA:71,0
DA:78,0
DA:83,0
DA:84,0
DA:85,0
DA:86,0
DA:89,0
DA:90,0
DA:91,0
DA:94,0
DA:96,0
DA:105,0
DA:119,12
DA:120,6
DA:121,6
DA:122,2
DA:125,4
DA:126,0
DA:128,4
DA:130,1
DA:131,1
DA:135,1
DA:136,1
DA:137,1
DA:138,1
DA:141,1
DA:142,1
DA:143,43
DA:146,43
DA:148,1
DA:157,3
DA:158,3
DA:159,1
DA:160,2
DA:161,1
DA:162,1
DA:163,1
DA:177,1
DA:178,1
DA:182,0
DA:196,0
DA:197,0
DA:198,0
DA:199,0
DA:200,0
DA:201,0
DA:202,0
DA:203,0
DA:206,0
DA:209,0
DA:225,1
DA:226,1
DA:227,1
DA:228,23
DA:230,1
DA:243,1
DA:244,1
DA:245,1
DA:246,23
DA:248,1
DA:260,1
DA:261,1
DA:262,1
DA:263,23
DA:265,1
DA:277,3
DA:278,3
DA:279,3
DA:280,1
DA:284,2
DA:285,2
DA:286,1
DA:287,1
DA:288,1
DA:294,1
LF:98
LH:64
BRDA:18,0,0,4
BRDA:18,0,1,4
BRDA:18,1,0,8
BRDA:18,1,1,7
BRDA:18,1,2,6
BRDA:18,1,3,5
BRDA:23,2,0,0
BRDA:23,2,1,4
BRDA:23,3,0,4
BRDA:23,3,1,4
BRDA:23,3,2,4
BRDA:23,3,3,4
BRDA:48,4,0,1
BRDA:48,4,1,3
BRDA:50,5,0,1
BRDA:50,5,1,2
BRDA:52,6,0,2
BRDA:52,6,1,0
BRDA:70,7,0,0
BRDA:70,7,1,0
BRDA:121,8,0,2
BRDA:121,8,1,4
BRDA:121,9,0,6
BRDA:121,9,1,5
BRDA:125,10,0,0
BRDA:125,10,1,4
BRDA:125,11,0,4
BRDA:125,11,1,4
BRDA:158,12,0,1
BRDA:158,12,1,2
BRDA:160,13,0,1
BRDA:160,13,1,1
BRDA:162,14,0,1
BRDA:162,14,1,0
BRDA:197,15,0,0
BRDA:197,15,1,0
BRDA:202,16,0,0
BRDA:202,16,1,0
BRDA:285,17,0,1
BRDA:285,17,1,1
BRDA:287,18,0,1
BRDA:287,18,1,0
BRF:42
BRH:31
end_of_record
TN:
SF:/Users/andeladeveloper/Desktop/post-it-app/server/helpers/validate.helper.js
FN:1,validStringLength
FN:8,validStringContent
FNF:2
FNH:2
FNDA:18,validStringLength
FNDA:9,validStringContent
DA:1,1
DA:2,18
DA:3,9
DA:5,9
DA:8,1
DA:9,9
DA:10,2
DA:12,7
DA:15,1
LF:9
LH:9
BRDA:2,0,0,9
BRDA:2,0,1,9
BRDA:2,1,0,18
BRDA:2,1,1,12
BRDA:9,2,0,2
BRDA:9,2,1,7
BRDA:9,3,0,9
BRDA:9,3,1,8
BRF:8
BRH:8
end_of_record
