TN:
SF:/Users/andeladeveloper/Desktop/post-it-app/server/app.js
FN:21,(anonymous_1)
FNF:1
FNH:0
FNDA:0,(anonymous_1)
DA:1,1
DA:2,1
DA:3,1
DA:4,1
DA:5,1
DA:7,1
DA:9,1
DA:10,1
DA:12,1
DA:13,1
DA:14,1
DA:15,1
DA:20,1
DA:21,1
DA:22,0
DA:25,1
DA:27,1
LF:17
LH:16
BRDA:9,0,0,1
BRDA:9,0,1,1
BRF:2
BRH:2
end_of_record
TN:
SF:/Users/andeladeveloper/Desktop/post-it-app/server/config.js
FNF:0
FNH:0
DA:1,1
DA:3,1
DA:12,1
DA:14,1
DA:16,1
DA:17,1
DA:18,1
DA:20,1
DA:22,1
LF:9
LH:9
BRF:0
BRH:0
end_of_record
TN:
SF:/Users/andeladeveloper/Desktop/post-it-app/server/router.js
FNF:0
FNH:0
DA:1,1
DA:2,1
DA:3,1
DA:4,1
DA:5,1
DA:7,1
DA:9,1
DA:10,1
DA:11,1
DA:13,1
DA:14,1
DA:15,1
DA:16,1
DA:18,1
DA:20,1
DA:21,1
DA:22,1
DA:23,1
DA:24,1
DA:25,1
DA:26,1
DA:28,1
LF:22
LH:22
BRF:0
BRH:0
end_of_record
TN:
SF:/Users/andeladeveloper/Desktop/post-it-app/server/controllers/Group.js
FN:27,(anonymous_8)
FN:34,(anonymous_9)
FN:46,(anonymous_10)
FN:52,(anonymous_11)
FN:62,(anonymous_12)
FN:84,(anonymous_14)
FN:93,(anonymous_15)
FN:103,(anonymous_16)
FN:115,(anonymous_17)
FN:137,(anonymous_19)
FN:147,(anonymous_20)
FN:148,(anonymous_21)
FN:155,(anonymous_22)
FN:195,(anonymous_24)
FN:197,(anonymous_25)
FN:212,(anonymous_26)
FN:214,(anonymous_27)
FN:233,(anonymous_28)
FN:235,(anonymous_29)
FN:238,(anonymous_30)
FN:247,(anonymous_31)
FNF:21
FNH:11
FNDA:2,(anonymous_8)
FNDA:2,(anonymous_9)
FNDA:0,(anonymous_10)
FNDA:0,(anonymous_11)
FNDA:0,(anonymous_12)
FNDA:3,(anonymous_14)
FNDA:2,(anonymous_15)
FNDA:2,(anonymous_16)
FNDA:0,(anonymous_17)
FNDA:2,(anonymous_19)
FNDA:2,(anonymous_20)
FNDA:9,(anonymous_21)
FNDA:0,(anonymous_22)
FNDA:1,(anonymous_24)
FNDA:0,(anonymous_25)
FNDA:1,(anonymous_26)
FNDA:0,(anonymous_27)
FNDA:1,(anonymous_28)
FNDA:0,(anonymous_29)
FNDA:0,(anonymous_30)
FNDA:0,(anonymous_31)
DA:1,1
DA:2,1
DA:20,4
DA:21,2
DA:23,2
DA:24,2
DA:26,2
DA:28,2
DA:29,2
DA:31,2
DA:32,2
DA:33,2
DA:34,2
DA:35,2
DA:36,0
DA:38,0
DA:39,0
DA:40,0
DA:41,0
DA:43,0
DA:47,0
DA:53,0
DA:56,2
DA:60,0
DA:63,0
DA:79,6
DA:80,3
DA:82,3
DA:83,3
DA:84,3
DA:85,3
DA:86,2
DA:87,2
DA:88,2
DA:89,2
DA:93,2
DA:94,2
DA:95,1
DA:97,1
DA:98,1
DA:100,1
DA:104,2
DA:111,1
DA:116,0
DA:133,2
DA:134,2
DA:135,2
DA:137,2
DA:138,2
DA:139,1
DA:141,2
DA:142,2
DA:143,2
DA:144,2
DA:148,2
DA:149,9
DA:152,9
DA:154,2
DA:156,0
DA:161,0
DA:176,1
DA:177,1
DA:179,1
DA:180,1
DA:187,1
DA:188,1
DA:189,1
DA:195,1
DA:196,1
DA:197,1
DA:198,0
DA:205,0
DA:208,1
DA:212,1
DA:213,1
DA:214,1
DA:215,0
DA:218,0
DA:221,1
DA:228,1
DA:233,1
DA:234,1
DA:235,1
DA:236,0
DA:238,1
DA:239,0
DA:240,0
DA:248,0
LF:88
LH:67
BRDA:28,0,0,2
BRDA:28,0,1,0
BRDA:31,1,0,2
BRDA:31,1,1,0
BRDA:31,2,0,2
BRDA:31,2,1,0
BRDA:35,3,0,0
BRDA:35,3,1,2
BRDA:85,4,0,2
BRDA:85,4,1,1
BRDA:94,5,0,1
BRDA:94,5,1,1
BRDA:138,6,0,1
BRDA:138,6,1,1
BRDA:141,7,0,2
BRDA:141,7,1,0
BRDA:141,8,0,2
BRDA:141,8,1,0
BRF:18
BRH:12
end_of_record
TN:
SF:/Users/andeladeveloper/Desktop/post-it-app/server/controllers/Message.js
FN:28,(anonymous_8)
FN:42,(anonymous_9)
FN:52,(anonymous_10)
FN:81,(anonymous_12)
FN:89,(anonymous_13)
FNF:5
FNH:0
FNDA:0,(anonymous_8)
FNDA:0,(anonymous_9)
FNDA:0,(anonymous_10)
FNDA:0,(anonymous_12)
FNDA:0,(anonymous_13)
DA:1,1
DA:2,1
DA:3,1
DA:22,0
DA:23,0
DA:25,0
DA:26,0
DA:28,0
DA:29,0
DA:30,0
DA:32,0
DA:33,0
DA:39,0
DA:43,0
DA:53,0
DA:57,0
DA:58,0
DA:59,0
DA:61,0
DA:76,0
DA:77,0
DA:78,0
DA:82,0
DA:90,0
DA:99,1
LF:25
LH:4
BRDA:29,0,0,0
BRDA:29,0,1,0
BRDA:32,1,0,0
BRDA:32,1,1,0
BRDA:32,2,0,0
BRDA:32,2,1,0
BRF:6
BRH:0
end_of_record
TN:
SF:/Users/andeladeveloper/Desktop/post-it-app/server/controllers/User.js
FN:22,(anonymous_8)
FN:28,(anonymous_9)
FN:42,(anonymous_10)
FN:77,(anonymous_12)
FN:95,(anonymous_13)
FN:115,(anonymous_15)
FN:121,(anonymous_16)
FN:127,(anonymous_17)
FN:128,(anonymous_18)
FN:141,(anonymous_19)
FN:174,(anonymous_21)
FN:178,(anonymous_22)
FN:199,(anonymous_24)
FN:210,(anonymous_25)
FN:211,(anonymous_26)
FN:224,(anonymous_27)
FN:250,(anonymous_29)
FN:252,(anonymous_30)
FN:262,(anonymous_31)
FN:287,(anonymous_33)
FN:289,(anonymous_34)
FN:299,(anonymous_35)
FN:323,(anonymous_37)
FN:325,(anonymous_38)
FN:335,(anonymous_39)
FN:359,(anonymous_41)
FN:363,(anonymous_42)
FNF:27
FNH:3
FNDA:0,(anonymous_8)
FNDA:0,(anonymous_9)
FNDA:0,(anonymous_10)
FNDA:0,(anonymous_12)
FNDA:0,(anonymous_13)
FNDA:2,(anonymous_15)
FNDA:2,(anonymous_16)
FNDA:2,(anonymous_17)
FNDA:0,(anonymous_18)
FNDA:0,(anonymous_19)
FNDA:0,(anonymous_21)
FNDA:0,(anonymous_22)
FNDA:0,(anonymous_24)
FNDA:0,(anonymous_25)
FNDA:0,(anonymous_26)
FNDA:0,(anonymous_27)
FNDA:0,(anonymous_29)
FNDA:0,(anonymous_30)
FNDA:0,(anonymous_31)
FNDA:0,(anonymous_33)
FNDA:0,(anonymous_34)
FNDA:0,(anonymous_35)
FNDA:0,(anonymous_37)
FNDA:0,(anonymous_38)
FNDA:0,(anonymous_39)
FNDA:0,(anonymous_41)
FNDA:0,(anonymous_42)
DA:1,1
DA:2,1
DA:19,0
DA:20,0
DA:21,0
DA:23,0
DA:24,0
DA:25,0
DA:28,0
DA:29,0
DA:36,0
DA:43,0
DA:44,0
DA:45,0
DA:48,0
DA:49,0
DA:52,0
DA:53,0
DA:57,0
DA:73,0
DA:74,0
DA:76,0
DA:77,0
DA:78,0
DA:79,0
DA:86,0
DA:91,0
DA:96,0
DA:111,4
DA:112,2
DA:114,2
DA:116,2
DA:117,2
DA:121,2
DA:122,2
DA:123,2
DA:124,2
DA:127,2
DA:128,2
DA:129,0
DA:132,0
DA:134,2
DA:142,0
DA:143,0
DA:144,0
DA:147,0
DA:148,0
DA:151,0
DA:152,0
DA:157,0
DA:174,0
DA:175,0
DA:179,0
DA:195,0
DA:196,0
DA:197,0
DA:199,0
DA:200,0
DA:201,0
DA:203,0
DA:204,0
DA:205,0
DA:206,0
DA:210,0
DA:211,0
DA:212,0
DA:215,0
DA:216,0
DA:220,0
DA:223,0
DA:225,0
DA:230,0
DA:248,0
DA:249,0
DA:250,0
DA:251,0
DA:252,0
DA:253,0
DA:255,0
DA:256,0
DA:260,0
DA:263,0
DA:268,0
DA:285,0
DA:286,0
DA:287,0
DA:288,0
DA:289,0
DA:290,0
DA:292,0
DA:293,0
DA:297,0
DA:300,0
DA:305,0
DA:321,0
DA:322,0
DA:323,0
DA:324,0
DA:325,0
DA:326,0
DA:328,0
DA:329,0
DA:333,0
DA:336,0
DA:341,0
DA:356,0
DA:357,0
DA:358,0
DA:360,0
DA:364,0
DA:365,0
DA:366,0
DA:369,0
DA:370,0
DA:372,0
LF:115
LH:14
BRDA:44,0,0,0
BRDA:44,0,1,0
BRDA:48,1,0,0
BRDA:48,1,1,0
BRDA:52,2,0,0
BRDA:52,2,1,0
BRDA:78,3,0,0
BRDA:78,3,1,0
BRDA:143,4,0,0
BRDA:143,4,1,0
BRDA:147,5,0,0
BRDA:147,5,1,0
BRDA:151,6,0,0
BRDA:151,6,1,0
BRDA:200,7,0,0
BRDA:200,7,1,0
BRDA:203,8,0,0
BRDA:203,8,1,0
BRDA:203,9,0,0
BRDA:203,9,1,0
BRDA:215,10,0,0
BRDA:215,10,1,0
BRDA:249,11,0,0
BRDA:249,11,1,0
BRDA:255,12,0,0
BRDA:255,12,1,0
BRDA:286,13,0,0
BRDA:286,13,1,0
BRDA:292,14,0,0
BRDA:292,14,1,0
BRDA:322,15,0,0
BRDA:322,15,1,0
BRDA:328,16,0,0
BRDA:328,16,1,0
BRDA:365,17,0,0
BRDA:365,17,1,0
BRDA:369,18,0,0
BRDA:369,18,1,0
BRF:38
BRH:0
end_of_record
TN:
SF:/Users/andeladeveloper/Desktop/post-it-app/server/helpers/Validate.js
FNF:0
FNH:0
DA:17,0
DA:18,0
DA:19,0
DA:20,0
DA:21,0
DA:22,0
DA:23,0
DA:25,0
DA:26,0
DA:27,0
DA:28,0
DA:30,0
DA:44,0
DA:45,0
DA:46,0
DA:47,0
DA:48,0
DA:50,0
DA:51,0
DA:52,0
DA:53,0
DA:55,0
DA:69,2
DA:70,2
DA:71,2
DA:72,2
DA:75,2
DA:76,2
DA:77,0
DA:78,0
DA:80,2
DA:95,6
DA:96,6
DA:97,6
DA:99,6
DA:100,6
DA:101,4
DA:102,4
DA:104,2
DA:119,3
DA:120,3
DA:121,3
DA:123,3
DA:124,3
DA:125,0
DA:126,0
DA:128,3
DA:143,0
DA:144,0
DA:145,0
DA:146,0
DA:148,0
DA:150,0
DA:151,0
DA:152,0
DA:153,0
DA:155,0
LF:57
LH:21
BRDA:26,0,0,0
BRDA:26,0,1,0
BRDA:51,1,0,0
BRDA:51,1,1,0
BRDA:76,2,0,0
BRDA:76,2,1,2
BRDA:100,3,0,4
BRDA:100,3,1,2
BRDA:124,4,0,0
BRDA:124,4,1,3
BRDA:151,5,0,0
BRDA:151,5,1,0
BRF:12
BRH:4
end_of_record
TN:
SF:/Users/andeladeveloper/Desktop/post-it-app/server/helpers/utils.js
FN:19,capitalizeFirstLetter
FN:36,sendNotification
FN:43,(anonymous_3)
FN:44,(anonymous_4)
FN:47,(anonymous_5)
FN:69,sendEmailNotification
FN:76,(anonymous_7)
FN:77,(anonymous_8)
FN:98,(anonymous_9)
FN:116,sendSMSNotification
FN:123,(anonymous_11)
FN:124,(anonymous_12)
FN:132,(anonymous_13)
FNF:13
FNH:1
FNDA:6,capitalizeFirstLetter
FNDA:0,sendNotification
FNDA:0,(anonymous_3)
FNDA:0,(anonymous_4)
FNDA:0,(anonymous_5)
FNDA:0,sendEmailNotification
FNDA:0,(anonymous_7)
FNDA:0,(anonymous_8)
FNDA:0,(anonymous_9)
FNDA:0,sendSMSNotification
FNDA:0,(anonymous_11)
FNDA:0,(anonymous_12)
FNDA:0,(anonymous_13)
DA:1,1
DA:2,1
DA:3,1
DA:5,1
DA:19,1
DA:20,6
DA:21,6
DA:36,1
DA:37,0
DA:38,0
DA:43,0
DA:44,0
DA:45,0
DA:47,0
DA:48,0
DA:49,0
DA:51,0
DA:52,0
DA:69,1
DA:70,0
DA:71,0
DA:76,0
DA:77,0
DA:78,0
DA:80,0
DA:82,0
DA:83,0
DA:90,0
DA:98,0
DA:116,1
DA:117,0
DA:118,0
DA:123,0
DA:124,0
DA:125,0
DA:127,0
DA:128,0
DA:132,0
DA:133,0
LF:39
LH:10
BRDA:48,0,0,0
BRDA:48,0,1,0
BRDA:82,1,0,0
BRDA:82,1,1,0
BRDA:82,2,0,0
BRDA:82,2,1,0
BRDA:127,3,0,0
BRDA:127,3,1,0
BRF:8
BRH:0
end_of_record
